[    0.000000] Initializing cgroup subsys cpuset
[    0.000000] Initializing cgroup subsys cpu
[    0.000000] Initializing cgroup subsys cpuacct
[    0.000000] Linux version 4.4.0-171-generic (buildd@lcy01-amd64-018) (gcc version 5.4.0 20160609 (Ubuntu 5.4.0-6ubuntu1~16.04.12) ) #200-Ubuntu SMP Tue Dec 3 11:04:55 UTC 2019 (Ubuntu 4.4.0-171.200-generic 4.4.203)
[    0.000000] Command line: BOOT_IMAGE=/boot/vmlinuz-4.4.0-171-generic root=LABEL=cloudimg-rootfs ro console=tty1 console=ttyS0
[    0.000000] KERNEL supported cpus:
[    0.000000]   Intel GenuineIntel
[    0.000000]   AMD AuthenticAMD
[    0.000000]   Centaur CentaurHauls
[    0.000000] x86/fpu: xstate_offset[2]:  576, xstate_sizes[2]:  256
[    0.000000] x86/fpu: Supporting XSAVE feature 0x01: 'x87 floating point registers'
[    0.000000] x86/fpu: Supporting XSAVE feature 0x02: 'SSE registers'
[    0.000000] x86/fpu: Supporting XSAVE feature 0x04: 'AVX registers'
[    0.000000] x86/fpu: Enabled xstate features 0x7, context size is 832 bytes, using 'standard' format.
[    0.000000] e820: BIOS-provided physical RAM map:
[    0.000000] BIOS-e820: [mem 0x0000000000000000-0x000000000009fbff] usable
[    0.000000] BIOS-e820: [mem 0x000000000009fc00-0x000000000009ffff] reserved
[    0.000000] BIOS-e820: [mem 0x00000000000f0000-0x00000000000fffff] reserved
[    0.000000] BIOS-e820: [mem 0x0000000000100000-0x000000003ffeffff] usable
[    0.000000] BIOS-e820: [mem 0x000000003fff0000-0x000000003fffffff] ACPI data
[    0.000000] BIOS-e820: [mem 0x00000000fec00000-0x00000000fec00fff] reserved
[    0.000000] BIOS-e820: [mem 0x00000000fee00000-0x00000000fee00fff] reserved
[    0.000000] BIOS-e820: [mem 0x00000000fffc0000-0x00000000ffffffff] reserved
[    0.000000] NX (Execute Disable) protection: active
[    0.000000] SMBIOS 2.5 present.
[    0.000000] Hypervisor detected: KVM
[    0.000000] e820: last_pfn = 0x3fff0 max_arch_pfn = 0x400000000
[    0.000000] MTRR: Disabled
[    0.000000] x86/PAT: MTRRs disabled, skipping PAT initialization too.
[    0.000000] CPU MTRRs all blank - virtualized system.
[    0.000000] x86/PAT: Configuration [0-7]: WB  WT  UC- UC  WB  WT  UC- UC  
[    0.000000] found SMP MP-table at [mem 0x0009fff0-0x0009ffff] mapped at [ffff88000009fff0]
[    0.000000] Scanning 1 areas for low memory corruption
[    0.000000] RAMDISK: [mem 0x361ce000-0x370defff]
[    0.000000] ACPI: Early table checksum verification disabled
[    0.000000] ACPI: RSDP 0x00000000000E0000 000024 (v02 VBOX  )
[    0.000000] ACPI: XSDT 0x000000003FFF0030 00003C (v01 VBOX   VBOXXSDT 00000001 ASL  00000061)
[    0.000000] ACPI: FACP 0x000000003FFF00F0 0000F4 (v04 VBOX   VBOXFACP 00000001 ASL  00000061)
[    0.000000] ACPI: DSDT 0x000000003FFF0470 0022EA (v02 VBOX   VBOXBIOS 00000002 INTL 20100528)
[    0.000000] ACPI: FACS 0x000000003FFF0200 000040
[    0.000000] ACPI: FACS 0x000000003FFF0200 000040
[    0.000000] ACPI: APIC 0x000000003FFF0240 00005C (v02 VBOX   VBOXAPIC 00000001 ASL  00000061)
[    0.000000] ACPI: SSDT 0x000000003FFF02A0 0001CC (v01 VBOX   VBOXCPUT 00000002 INTL 20100528)
[    0.000000] No NUMA configuration found
[    0.000000] Faking a node at [mem 0x0000000000000000-0x000000003ffeffff]
[    0.000000] NODE_DATA(0) allocated [mem 0x3ffeb000-0x3ffeffff]
[    0.000000] kvm-clock: Using msrs 4b564d01 and 4b564d00
[    0.000000] kvm-clock: cpu 0, msr 0:3ffe3001, primary cpu clock
[    0.000000] kvm-clock: using sched offset of 3568555793 cycles
[    0.000000] clocksource: kvm-clock: mask: 0xffffffffffffffff max_cycles: 0x1cd42e4dffb, max_idle_ns: 881590591483 ns
[    0.000000] Zone ranges:
[    0.000000]   DMA      [mem 0x0000000000001000-0x0000000000ffffff]
[    0.000000]   DMA32    [mem 0x0000000001000000-0x000000003ffeffff]
[    0.000000]   Normal   empty
[    0.000000]   Device   empty
[    0.000000] Movable zone start for each node
[    0.000000] Early memory node ranges
[    0.000000]   node   0: [mem 0x0000000000001000-0x000000000009efff]
[    0.000000]   node   0: [mem 0x0000000000100000-0x000000003ffeffff]
[    0.000000] Initmem setup node 0 [mem 0x0000000000001000-0x000000003ffeffff]
[    0.000000] ACPI: PM-Timer IO Port: 0x4008
[    0.000000] IOAPIC[0]: apic_id 2, version 32, address 0xfec00000, GSI 0-23
[    0.000000] ACPI: INT_SRC_OVR (bus 0 bus_irq 0 global_irq 2 dfl dfl)
[    0.000000] ACPI: INT_SRC_OVR (bus 0 bus_irq 9 global_irq 9 low level)
[    0.000000] Using ACPI (MADT) for SMP configuration information
[    0.000000] smpboot: Allowing 2 CPUs, 0 hotplug CPUs
[    0.000000] PM: Registered nosave memory: [mem 0x00000000-0x00000fff]
[    0.000000] PM: Registered nosave memory: [mem 0x0009f000-0x0009ffff]
[    0.000000] PM: Registered nosave memory: [mem 0x000a0000-0x000effff]
[    0.000000] PM: Registered nosave memory: [mem 0x000f0000-0x000fffff]
[    0.000000] e820: [mem 0x40000000-0xfebfffff] available for PCI devices
[    0.000000] Booting paravirtualized kernel on KVM
[    0.000000] clocksource: refined-jiffies: mask: 0xffffffff max_cycles: 0xffffffff, max_idle_ns: 7645519600211568 ns
[    0.000000] setup_percpu: NR_CPUS:512 nr_cpumask_bits:512 nr_cpu_ids:2 nr_node_ids:1
[    0.000000] PERCPU: Embedded 33 pages/cpu @ffff88003fc00000 s95448 r8192 d31528 u1048576
[    0.000000] Built 1 zonelists in Node order, mobility grouping on.  Total pages: 257912
[    0.000000] Policy zone: DMA32
[    0.000000] Kernel command line: BOOT_IMAGE=/boot/vmlinuz-4.4.0-171-generic root=LABEL=cloudimg-rootfs ro console=tty1 console=ttyS0
[    0.000000] PID hash table entries: 4096 (order: 3, 32768 bytes)
[    0.000000] Memory: 997128K/1048120K available (8626K kernel code, 1336K rwdata, 4032K rodata, 1488K init, 1288K bss, 50992K reserved, 0K cma-reserved)
[    0.000000] SLUB: HWalign=64, Order=0-3, MinObjects=0, CPUs=2, Nodes=1
[    0.000000] Kernel/User page tables isolation: enabled
[    0.000000] Hierarchical RCU implementation.
[    0.000000] 	Build-time adjustment of leaf fanout to 64.
[    0.000000] 	RCU restricting CPUs from NR_CPUS=512 to nr_cpu_ids=2.
[    0.000000] RCU: Adjusting geometry for rcu_fanout_leaf=64, nr_cpu_ids=2
[    0.000000] NR_IRQS:33024 nr_irqs:440 16
[    0.000000] Console: colour VGA+ 80x25
[    0.000000] console [tty1] enabled
[    0.000000] console [ttyS0] enabled
[    0.000000] tsc: Detected 2793.532 MHz processor
[    0.141551] Calibrating delay loop (skipped) preset value.. 5587.06 BogoMIPS (lpj=11174128)
[    0.143649] pid_max: default: 32768 minimum: 301
[    0.144632] ACPI: Core revision 20150930
[    0.146087] ACPI: 2 ACPI AML tables successfully acquired and loaded
[    0.147606] Security Framework initialized
[    0.148710] Yama: becoming mindful.
[    0.149561] AppArmor: AppArmor initialized
[    0.150502] Dentry cache hash table entries: 131072 (order: 8, 1048576 bytes)
[    0.153164] Inode-cache hash table entries: 65536 (order: 7, 524288 bytes)
[    0.154475] Mount-cache hash table entries: 2048 (order: 2, 16384 bytes)
[    0.155714] Mountpoint-cache hash table entries: 2048 (order: 2, 16384 bytes)
[    0.157228] Initializing cgroup subsys io
[    0.158042] Initializing cgroup subsys memory
[    0.158977] Initializing cgroup subsys devices
[    0.159871] Initializing cgroup subsys freezer
[    0.160792] Initializing cgroup subsys net_cls
[    0.161650] Initializing cgroup subsys perf_event
[    0.162562] Initializing cgroup subsys net_prio
[    0.163471] Initializing cgroup subsys hugetlb
[    0.164519] Initializing cgroup subsys pids
[    0.171285] mce: CPU supports 0 MCE banks
[    0.172244] Last level iTLB entries: 4KB 1024, 2MB 1024, 4MB 1024
[    0.173439] Last level dTLB entries: 4KB 1024, 2MB 1024, 4MB 1024, 1GB 4
[    0.174672] Spectre V1 : Mitigation: usercopy/swapgs barriers and __user pointer sanitization
[    0.176359] Spectre V2 : Mitigation: Full generic retpoline
[    0.177389] Spectre V2 : Spectre v2 / SpectreRSB mitigation: Filling RSB on context switch
[    0.179078] Speculative Store Bypass: Vulnerable
[    0.180272] MDS: Mitigation: Clear CPU buffers
[    0.183636] Freeing SMP alternatives memory: 36K
[    0.189426] ftrace: allocating 32302 entries in 127 pages
[    0.237243] smpboot: APIC(0) Converting physical 0 to logical package 0
[    0.238642] smpboot: Max logical packages: 1
[    0.239727] x2apic enabled
[    0.240599] Switched APIC routing to physical x2apic.
[    0.242491] ..TIMER: vector=0x30 apic1=0 pin1=2 apic2=-1 pin2=-1
[    0.351989] smpboot: CPU0: Intel(R) Core(TM) i7-4980HQ CPU @ 2.80GHz (family: 0x6, model: 0x46, stepping: 0x1)
[    0.354082] Performance Events: unsupported p6 CPU model 70 no PMU driver, software events only.
[    0.365101] KVM setup paravirtual spinlock
[    0.366618] x86: Booting SMP configuration:
[    0.367445] .... node  #0, CPUs:      #1
[    0.368495] kvm-clock: cpu 1, msr 0:3ffe3041, secondary cpu clock
[    0.375248] mce: CPU supports 0 MCE banks
[    0.377917] x86: Booted up 1 node, 2 CPUs
[    0.378932] smpboot: Total of 2 processors activated (11174.12 BogoMIPS)
[    0.380757] devtmpfs: initialized
[    0.382627] evm: security.selinux
[    0.383325] evm: security.SMACK64
[    0.384049] evm: security.SMACK64EXEC
[    0.384866] evm: security.SMACK64TRANSMUTE
[    0.385671] evm: security.SMACK64MMAP
[    0.386429] evm: security.ima
[    0.387102] evm: security.capability
[    0.388141] clocksource: jiffies: mask: 0xffffffff max_cycles: 0xffffffff, max_idle_ns: 7645041785100000 ns
[    0.390138] futex hash table entries: 512 (order: 3, 32768 bytes)
[    0.391636] pinctrl core: initialized pinctrl subsystem
[    0.392766] RTC time:  1:51:24, date: 07/29/20
[    0.393890] NET: Registered protocol family 16
[    0.404515] cpuidle: using governor ladder
[    0.416121] cpuidle: using governor menu
[    0.417329] PCCT header not found.
[    0.418346] ACPI: bus type PCI registered
[    0.419405] acpiphp: ACPI Hot Plug PCI Controller Driver version: 0.5
[    0.420919] PCI: Using configuration type 1 for base access
[    0.433752] ACPI: Added _OSI(Module Device)
[    0.434986] ACPI: Added _OSI(Processor Device)
[    0.436283] ACPI: Added _OSI(3.0 _SCP Extensions)
[    0.437467] ACPI: Added _OSI(Processor Aggregator Device)
[    0.439580] ACPI: Executed 1 blocks of module-level executable AML code
[    0.442800] ACPI: Interpreter enabled
[    0.443601] ACPI: (supports S0 S5)
[    0.444405] ACPI: Using IOAPIC for interrupt routing
[    0.445630] PCI: Using host bridge windows from ACPI; if necessary, use "pci=nocrs" and report a bug
[    0.451268] ACPI: PCI Root Bridge [PCI0] (domain 0000 [bus 00-ff])
[    0.452623] acpi PNP0A03:00: _OSC: OS supports [ASPM ClockPM Segments MSI]
[    0.454194] acpi PNP0A03:00: _OSC: not requesting OS control; OS requires [ExtendedConfig ASPM ClockPM MSI]
[    0.456061] acpi PNP0A03:00: fail to add MMCONFIG information, can't access extended PCI configuration space under this bridge.
[    0.458694] PCI host bridge to bus 0000:00
[    0.459657] pci_bus 0000:00: root bus resource [io  0x0000-0x0cf7 window]
[    0.461023] pci_bus 0000:00: root bus resource [io  0x0d00-0xffff window]
[    0.462262] pci_bus 0000:00: root bus resource [mem 0x000a0000-0x000bffff window]
[    0.463879] pci_bus 0000:00: root bus resource [mem 0x40000000-0xfdffffff window]
[    0.465442] pci_bus 0000:00: root bus resource [bus 00-ff]
[    0.468667] pci 0000:00:01.1: legacy IDE quirk: reg 0x10: [io  0x01f0-0x01f7]
[    0.469956] pci 0000:00:01.1: legacy IDE quirk: reg 0x14: [io  0x03f6]
[    0.471205] pci 0000:00:01.1: legacy IDE quirk: reg 0x18: [io  0x0170-0x0177]
[    0.472650] pci 0000:00:01.1: legacy IDE quirk: reg 0x1c: [io  0x0376]
[    0.493665] pci 0000:00:07.0: quirk: [io  0x4000-0x403f] claimed by PIIX4 ACPI
[    0.495319] pci 0000:00:07.0: quirk: [io  0x4100-0x410f] claimed by PIIX4 SMB
[    0.501227] ACPI: PCI Interrupt Link [LNKA] (IRQs 5 9 10 *11)
[    0.503022] ACPI: PCI Interrupt Link [LNKB] (IRQs 5 9 *10 11)
[    0.504650] ACPI: PCI Interrupt Link [LNKC] (IRQs 5 *9 10 11)
[    0.506476] ACPI: PCI Interrupt Link [LNKD] (IRQs 5 9 10 *11)
[    0.508224] ACPI: Enabled 2 GPEs in block 00 to 07
[    0.509688] vgaarb: setting as boot device: PCI:0000:00:02.0
[    0.510808] vgaarb: device added: PCI:0000:00:02.0,decodes=io+mem,owns=io+mem,locks=none
[    0.512413] vgaarb: loaded
[    0.513014] vgaarb: bridge control possible 0000:00:02.0
[    0.514214] SCSI subsystem initialized
[    0.515142] ACPI: bus type USB registered
[    0.515971] usbcore: registered new interface driver usbfs
[    0.517084] usbcore: registered new interface driver hub
[    0.518108] usbcore: registered new device driver usb
[    0.519329] PCI: Using ACPI for IRQ routing
[    0.520477] NetLabel: Initializing
[    0.521228] NetLabel:  domain hash size = 128
[    0.522089] NetLabel:  protocols = UNLABELED CIPSOv4
[    0.524995] NetLabel:  unlabeled traffic allowed by default
[    0.526220] amd_nb: Cannot enumerate AMD northbridges
[    0.527268] clocksource: Switched to clocksource kvm-clock
[    0.535900] AppArmor: AppArmor Filesystem Enabled
[    0.536947] pnp: PnP ACPI init
[    0.538591] pnp: PnP ACPI: found 3 devices
[    0.549832] clocksource: acpi_pm: mask: 0xffffff max_cycles: 0xffffff, max_idle_ns: 2085701024 ns
[    0.551762] NET: Registered protocol family 2
[    0.552790] TCP established hash table entries: 8192 (order: 4, 65536 bytes)
[    0.554174] TCP bind hash table entries: 8192 (order: 5, 131072 bytes)
[    0.555552] TCP: Hash tables configured (established 8192 bind 8192)
[    0.556781] UDP hash table entries: 512 (order: 2, 16384 bytes)
[    0.557889] UDP-Lite hash table entries: 512 (order: 2, 16384 bytes)
[    0.559201] NET: Registered protocol family 1
[    0.560112] pci 0000:00:00.0: Limiting direct PCI/PCI transfers
[    0.561312] pci 0000:00:01.0: Activating ISA DMA hang workarounds
[    0.562552] Unpacking initramfs...
[    0.757877] Freeing initrd memory: 15428K
[    0.758838] clocksource: tsc: mask: 0xffffffffffffffff max_cycles: 0x284462ec54c, max_idle_ns: 440795344772 ns
[    0.760949] platform rtc_cmos: registered platform RTC device (no PNP device found)
[    0.762549] Scanning for low memory corruption every 60 seconds
[    0.764096] audit: initializing netlink subsys (disabled)
[    0.765153] audit: type=2000 audit(1595987490.087:1): initialized
[    0.766466] Initialise system trusted keyring
[    0.767629] HugeTLB registered 2 MB page size, pre-allocated 0 pages
[    0.769832] zbud: loaded
[    0.770831] VFS: Disk quotas dquot_6.6.0
[    0.771764] VFS: Dquot-cache hash table entries: 512 (order 0, 4096 bytes)
[    0.773290] squashfs: version 4.0 (2009/01/31) Phillip Lougher
[    0.774705] fuse init (API version 7.23)
[    0.775780] Key type big_key registered
[    0.776647] Allocating IMA MOK and blacklist keyrings.
[    0.779970] Key type asymmetric registered
[    0.780972] Asymmetric key parser 'x509' registered
[    0.781989] Block layer SCSI generic (bsg) driver version 0.4 loaded (major 249)
[    0.783545] io scheduler noop registered
[    0.784385] io scheduler deadline registered (default)
[    0.785437] io scheduler cfq registered
[    0.786335] pci_hotplug: PCI Hot Plug PCI Core version: 0.5
[    0.787369] pciehp: PCI Express Hot Plug Controller Driver version: 0.4
[    0.789010] ACPI: AC Adapter [AC] (on-line)
[    0.789917] input: Power Button as /devices/LNXSYSTM:00/LNXPWRBN:00/input/input0
[    0.791405] ACPI: Power Button [PWRF]
[    0.792308] input: Sleep Button as /devices/LNXSYSTM:00/LNXSLPBN:00/input/input1
[    0.793868] ACPI: Sleep Button [SLPF]
[    0.794857] GHES: HEST is not enabled!
[    0.795956] Serial: 8250/16550 driver, 32 ports, IRQ sharing enabled
[    0.796350] ACPI: Battery Slot [BAT0] (battery present)
[    0.818752] 00:02: ttyS0 at I/O 0x3f8 (irq = 4, base_baud = 115200) is a 16550A
[    0.821291] Linux agpgart interface v0.103
[    0.825182] loop: module loaded
[    0.826459] scsi host0: ata_piix
[    0.827400] scsi host1: ata_piix
[    0.828117] ata1: PATA max UDMA/33 cmd 0x1f0 ctl 0x3f6 bmdma 0xd000 irq 14
[    0.829382] ata2: PATA max UDMA/33 cmd 0x170 ctl 0x376 bmdma 0xd008 irq 15
[    0.830717] libphy: Fixed MDIO Bus: probed
[    0.831739] tun: Universal TUN/TAP device driver, 1.6
[    0.832693] tun: (C) 1999-2004 Max Krasnyansky <maxk@qualcomm.com>
[    0.833878] PPP generic driver version 2.4.2
[    0.834851] ehci_hcd: USB 2.0 'Enhanced' Host Controller (EHCI) Driver
[    0.836716] ehci-pci: EHCI PCI platform driver
[    0.837672] ehci-platform: EHCI generic platform driver
[    0.838720] ohci_hcd: USB 1.1 'Open' Host Controller (OHCI) Driver
[    0.840268] ohci-pci: OHCI PCI platform driver
[    0.841228] ohci-platform: OHCI generic platform driver
[    0.842302] uhci_hcd: USB Universal Host Controller Interface driver
[    0.843831] i8042: PNP: PS/2 Controller [PNP0303:PS2K,PNP0f03:PS2M] at 0x60,0x64 irq 1,12
[    0.846020] serio: i8042 KBD port at 0x60,0x64 irq 1
[    0.847064] serio: i8042 AUX port at 0x60,0x64 irq 12
[    0.848327] mousedev: PS/2 mouse device common for all mice
[    0.849804] rtc_cmos rtc_cmos: rtc core: registered rtc_cmos as rtc0
[    0.851082] rtc_cmos rtc_cmos: alarms up to one day, 114 bytes nvram
[    0.852350] i2c /dev entries driver
[    0.853179] device-mapper: uevent: version 1.0.3
[    0.854257] input: AT Translated Set 2 keyboard as /devices/platform/i8042/serio0/input/input2
[    0.856185] device-mapper: ioctl: 4.34.0-ioctl (2015-10-28) initialised: dm-devel@redhat.com
[    0.857918] ledtrig-cpu: registered to indicate activity on CPUs
[    0.859724] NET: Registered protocol family 10
[    0.861123] NET: Registered protocol family 17
[    0.861997] Key type dns_resolver registered
[    0.863041] registered taskstats version 1
[    0.864005] Loading compiled-in X.509 certificates
[    0.865460] Loaded X.509 cert 'Build time autogenerated kernel key: e951a32ceec0422669d36e9913b2c7dea5e0a587'
[    0.867476] zswap: loaded using pool lzo/zbud
[    0.870200] Key type trusted registered
[    0.874116] Key type encrypted registered
[    0.874925] AppArmor: AppArmor sha1 policy hashing enabled
[    0.876060] ima: No TPM chip found, activating TPM-bypass!
[    0.877187] ima: Allocated hash algorithm: sha1
[    0.878195] evm: HMAC attrs: 0x1
[    0.879266]   Magic number: 12:627:863
[    0.880201] rtc_cmos rtc_cmos: setting system clock to 2020-07-29 01:51:25 UTC (1595987485)
[    0.882045] BIOS EDD facility v0.16 2004-Jun-25, 0 devices found
[    0.883166] EDD information not available.
[    0.985715] Freeing unused kernel memory: 1488K
[    0.986916] Write protecting the kernel read-only data: 14336k
[    0.988852] Freeing unused kernel memory: 1604K
[    0.990072] Freeing unused kernel memory: 64K
Loading, please wait...
starting version 229
[    1.003634] random: systemd-udevd: uninitialized urandom read (16 bytes read, 2 bits of entropy available)
[    1.004172] random: udevadm: uninitialized urandom read (16 bytes read, 2 bits of entropy available)
[    1.004193] random: udevadm: uninitialized urandom read (16 bytes read, 2 bits of entropy available)
[    1.009337] random: systemd-udevd: uninitialized urandom read (16 bytes read, 2 bits of entropy available)
[    1.010511] random: udevadm: uninitialized urandom read (16 bytes read, 2 bits of entropy available)
[    1.010548] random: udevadm: uninitialized urandom read (16 bytes read, 2 bits of entropy available)
[    1.010668] random: udevadm: uninitialized urandom read (16 bytes read, 2 bits of entropy available)
[    1.010710] random: udevadm: uninitialized urandom read (16 bytes read, 2 bits of entropy available)
[    1.010749] random: udevadm: uninitialized urandom read (16 bytes read, 2 bits of entropy available)
[    1.010788] random: udevadm: uninitialized urandom read (16 bytes read, 2 bits of entropy available)
[    1.050481] e1000: Intel(R) PRO/1000 Network Driver - version 7.3.21-k8-NAPI
[    1.052007] e1000: Copyright (c) 1999-2006 Intel Corporation.
[    1.056456] Fusion MPT base driver 3.04.20
[    1.057409] Copyright (c) 1999-2008 LSI Corporation
[    1.062761] Fusion MPT SPI Host driver 3.04.20
[    1.082323] AVX2 version of gcm_enc/dec engaged.
[    1.083385] AES CTR mode by8 optimization enabled
[    1.302928] input: ImExPS/2 Generic Explorer Mouse as /devices/platform/i8042/serio1/input/input4
[    1.440552] e1000 0000:00:03.0 eth0: (PCI:33MHz:32-bit) 02:dd:a3:75:e5:c1
[    1.441894] e1000 0000:00:03.0 eth0: Intel(R) PRO/1000 Network Connection
[    1.444203] mptbase: ioc0: Initiating bringup
[    1.445697] e1000 0000:00:03.0 enp0s3: renamed from eth0
[    1.745378] ioc0: LSI53C1030 A0: Capabilities={Initiator}
[    2.768911] scsi host2: ioc0: LSI53C1030 A0, FwRev=00000000h, Ports=1, MaxQ=256, IRQ=20
[    3.416104] scsi 2:0:0:0: Direct-Access     VBOX     HARDDISK         1.0  PQ: 0 ANSI: 5
[    3.418271] scsi target2:0:0: Beginning Domain Validation
[    3.421322] scsi target2:0:0: Domain Validation skipping write tests
[    3.422702] scsi target2:0:0: Ending Domain Validation
[    3.423787] scsi target2:0:0: asynchronous
[    3.424966] scsi 2:0:1:0: Direct-Access     VBOX     HARDDISK         1.0  PQ: 0 ANSI: 5
[    3.426562] scsi target2:0:1: Beginning Domain Validation
[    3.428909] scsi target2:0:1: Domain Validation skipping write tests
[    3.430128] scsi target2:0:1: Ending Domain Validation
[    3.431199] scsi target2:0:1: asynchronous
[    3.445389] sd 2:0:0:0: [sda] 20971520 512-byte logical blocks: (10.7 GB/10.0 GiB)
[    3.446967] sd 2:0:0:0: Attached scsi generic sg0 type 0
[    3.448299] sd 2:0:0:0: [sda] Write Protect is off
[    3.449338] sd 2:0:1:0: Attached scsi generic sg1 type 0
[    3.450473] sd 2:0:1:0: [sdb] 20480 512-byte logical blocks: (10.5 MB/10.0 MiB)
[    3.452039] sd 2:0:0:0: [sda] Incomplete mode parameter data
[    3.452137] sd 2:0:1:0: [sdb] Write Protect is off
[    3.452206] sd 2:0:1:0: [sdb] Incomplete mode parameter data
[    3.452207] sd 2:0:1:0: [sdb] Assuming drive cache: write through
[    3.456503] sd 2:0:0:0: [sda] Assuming drive cache: write through
[    3.459342]  sda: sda1
[    3.459373] sd 2:0:1:0: [sdb] Attached SCSI disk
[    3.461523] sd 2:0:0:0: [sda] Attached SCSI disk
Begin: Loading essential drivers ... [    4.744786] md: linear personality registered for level -1
[    4.747979] md: multipath personality registered for level -4
[    4.751359] md: raid0 personality registered for level 0
[    4.755754] md: raid1 personality registered for level 1
[    4.827843] raid6: sse2x1   gen() 12051 MB/s
[    4.895304] raid6: sse2x1   xor()  9158 MB/s
[    4.963757] raid6: sse2x2   gen() 14780 MB/s
[    5.031290] raid6: sse2x2   xor()  9878 MB/s
[    5.099540] raid6: sse2x4   gen() 17111 MB/s
[    5.167583] raid6: sse2x4   xor() 11568 MB/s
[    5.235286] raid6: avx2x1   gen() 22588 MB/s
[    5.303504] raid6: avx2x2   gen() 26640 MB/s
[    5.371313] raid6: avx2x4   gen() 28459 MB/s
[    5.372643] raid6: using algorithm avx2x4 gen() 28459 MB/s
[    5.373922] raid6: using avx2x2 recovery algorithm
[    5.376641] xor: automatically using best checksumming function:
[    5.415394]    avx       : 31601.000 MB/sec
[    5.417773] async_tx: api initialized (async)
[    5.427290] md: raid6 personality registered for level 6
[    5.428423] md: raid5 personality registered for level 5
[    5.429629] md: raid4 personality registered for level 4
[    5.436383] md: raid10 personality registered for level 10
done.
Begin: Running /scripts/init-premount ... done.
Begin: Mounting root file system ... Begin: Running /scripts/local-top ... done.
Begin: Running /scripts/local-premount ... [    5.460973] Btrfs loaded
Scanning for Btrfs filesystems
done.
Warning: fsck not present, so skipping root file system
[    5.491123] EXT4-fs (sda1): INFO: recovery required on readonly filesystem
[    5.492507] EXT4-fs (sda1): write access will be enabled during recovery
[    5.568522] EXT4-fs (sda1): recovery complete
[    5.569590] EXT4-fs (sda1): mounted filesystem with ordered data mode. Opts: (null)
done.
Begin: Running /scripts/local-bottom ... done.
Begin: Running /scripts/init-bottom ... done.
[    5.659710] systemd[1]: systemd 229 running in system mode. (+PAM +AUDIT +SELINUX +IMA +APPARMOR +SMACK +SYSVINIT +UTMP +LIBCRYPTSETUP +GCRYPT +GNUTLS +ACL +XZ -LZ4 +SECCOMP +BLKID +ELFUTILS +KMOD -IDN)
[    5.663124] systemd[1]: Detected virtualization oracle.
[    5.664190] systemd[1]: Detected architecture x86-64.

Welcome to [1mUbuntu 16.04.6 LTS[0m!

[    5.668678] systemd[1]: Set hostname to <ubuntu-xenial>.
[    5.813768] systemd[1]: Reached target System Time Synchronized.
[[0;32m  OK  [0m] Reached target System Time Synchronized.
[    5.815830] systemd[1]: Reached target Swap.
[[0;32m  OK  [0m] Reached target Swap.
[    5.817669] systemd[1]: Created slice User and Session Slice.
[[0;32m  OK  [0m] Created slice User and Session Slice.
[    5.819547] systemd[1]: Listening on udev Kernel Socket.
[[0;32m  OK  [0m] Listening on udev Kernel Socket.
[    5.821601] systemd[1]: Set up automount Arbitrary Executable File Formats File System Automount Point.
[[0;32m  OK  [0m] Set up automount Arbitrary Executab...ats File System Automount Point.
[    5.825020] systemd[1]: Listening on Device-mapper event daemon FIFOs.
[[0;32m  OK  [0m] Listening on Device-mapper event daemon FIFOs.
[    5.827121] systemd[1]: Reached target User and Group Name Lookups.
[[0;32m  OK  [0m] Reached target User and Group Name Lookups.
[    5.829303] systemd[1]: Listening on Syslog Socket.
[[0;32m  OK  [0m] Listening on Syslog Socket.
[    5.831448] systemd[1]: Started Forward Password Requests to Wall Directory Watch.
[[0;32m  OK  [0m] Started Forward Password Requests to Wall Directory Watch.
[    5.834050] systemd[1]: Listening on LVM2 poll daemon socket.
[[0;32m  OK  [0m] Listening on LVM2 poll daemon socket.
[    5.844404] systemd[1]: Started Trigger resolvconf update for networkd DNS.
[[0;32m  OK  [0m] Started Trigger resolvconf update for networkd DNS.
[    5.848450] systemd[1]: Reached target Encrypted Volumes.
[[0;32m  OK  [0m] Reached target Encrypted Volumes.
[    5.850881] systemd[1]: Listening on Journal Audit Socket.
[[0;32m  OK  [0m] Listening on Journal Audit Socket.
[    5.853301] systemd[1]: Listening on Journal Socket (/dev/log).
[[0;32m  OK  [0m] Listening on Journal Socket (/dev/log).
[    5.855544] systemd[1]: Listening on LVM2 metadata daemon socket.
[[0;32m  OK  [0m] Listening on LVM2 metadata daemon socket.
[    5.858079] systemd[1]: Listening on /dev/initctl Compatibility Named Pipe.
[[0;32m  OK  [0m] Listening on /dev/initctl Compatibility Named Pipe.
[    5.860786] systemd[1]: Listening on Journal Socket.
[[0;32m  OK  [0m] Listening on Journal Socket.
[    5.867901] systemd[1]: Created slice System Slice.
[[0;32m  OK  [0m] Created slice System Slice.
[    5.876046] systemd[1]: Reached target Slices.
[[0;32m  OK  [0m] Reached target Slices.
[    5.891857] systemd[1]: Starting Remount Root and Kernel File Systems...
         Starting Remount Root and Kernel File Systems...
[    5.896629] systemd[1]: Starting Set console keymap...
         Starting Set console keymap...
[    5.904491] EXT4-fs (sda1): re-mounted. Opts: (null)
[    5.906248] systemd[1]: Mounting POSIX Message Queue File System...
         Mounting POSIX Message Queue File System...
[    5.911098] systemd[1]: Starting Load Kernel Modules...
         Starting Load Kernel Modules...
[    5.913602] systemd[1]: Starting Create list of required static device nodes for the current kernel...
         Starting Create list of required st... nodes for the current kernel...
[    5.918262] systemd[1]: Mounting Huge Pages File System...
         Mounting Huge Pages File System...
[    5.924480] systemd[1]: Created slice system-serial\x2dgetty.slice.
[[0;32m  OK  [0m] Created slice system-serial\x2dgetty.slice.
[    5.927995] systemd[1]: Starting Uncomplicated firewall...
         Starting Uncomplicated firewall...
[    5.932226] systemd[1]: Starting Nameserver information manager...
         Starting Nameserver information manager...
[    5.937079] systemd[1]: Starting Journal Service...
         Starting Journal Service...
[    5.939306] systemd[1]: Starting Monitoring of LVM2 mirrors, snapshots etc. using dmeventd or progress polling...
         Starting Monitoring of LVM2 mirrors... dmeventd or progress polling...
[    5.944227] Loading iSCSI transport class v2.0-870.
[    5.955914] systemd[1]: Listening on udev Control Socket.
[[0;32m  OK  [0m] Listening on udev Control Socket.
[    5.959978] systemd[1]: Mounting Debug File System...
         Mounting Debug File System...
[    5.962905] systemd[1]: Mounted POSIX Message Queue File System.
[[0;32m  OK  [0m] Mounted POSIX Message Queue File System.
[    5.965637] systemd[1]: Mounted Huge Pages File System.
[    5.965675] iscsi: registered transport (tcp)
[[0;32m  OK  [0m] Mounted Huge Pages File System.
[    5.968762] systemd[1]: Started Journal Service.
[[0;32m  OK  [0m] Started Journal Service.
[[0;32m  OK  [0m] Mounted Debug File System.
[[0;32m  OK  [0m] Started Remount Root and Kernel File Systems.
[[0;32m  OK  [0m] Started Set console keymap.
[[0;32m  OK  [0m] Started Create list of required sta...ce nodes for the current kernel.
[[0;32m  OK  [0m] Started Uncomplicated firewall.
[    5.993640] iscsi: registered transport (iser)
[[0;32m  OK  [0m] Started Load Kernel Modules.
[[0;32m  OK  [0m] Started Nameserver information manager.
[[0;32m  OK  [0m] Started LVM2 metadata daemon.
         Mounting FUSE Control File System...
         Starting Apply Kernel Variables...
         Starting Create Static Device Nodes in /dev...
         Starting Load/Save Random Seed...
         Starting udev Coldplug all Devices...
         Starting Flush Journal to Persistent Storage...
[[0;32m  OK  [0m] Mounted FUSE Control File System.
[[0;32m  OK  [0m] Started Apply Kernel Variables.
[[0;32m  OK  [0m] Started Load/Save Random Seed.
[[0;32m  OK  [0m] Started Create Static Device Nodes in /dev.
         Starting udev Kernel Device Manager...
[[0;32m  OK  [0m] Started Flush Journal to Persistent Storage.
[[0;32m  OK  [0m] Started udev Coldplug all Devices.
[[0;32m  OK  [0m] Started udev Kernel Device Manager.
[[0;32m  OK  [0m] Started Dispatch Password Requests to Console Directory Watch.
[[0;32m  OK  [0m] Found device /dev/ttyS0.
[[0;32m  OK  [0m] Started Monitoring of LVM2 mirrors,...ng dmeventd or progress polling.
[[0;32m  OK  [0m] Reached target Local File Systems (Pre).
[[0;32m  OK  [0m] Reached target Local File Systems.
         Starting Create Volatile Files and Directories...
         Starting LSB: AppArmor initialization...
         Starting Tell Plymouth To Write Out Runtime Data...
         Starting Set console font and keymap...
         Starting Initial cloud-init job (pre-networking)...
[[0;32m  OK  [0m] Started Create Volatile Files and Directories.
[[0;32m  OK  [0m] Started Tell Plymouth To Write Out Runtime Data.
[[0;32m  OK  [0m] Listening on Load/Save RF Kill Switch Status /dev/rfkill Watch.
         Starting Update UTMP about System Boot/Shutdown...
[[0;32m  OK  [0m] Started Update UTMP about System Boot/Shutdown.
[[0;32m  OK  [0m] Started LSB: AppArmor initialization.
[[0;32m  OK  [0m] Found device 82540EM Gigabit Ethern...r (PRO/1000 MT Desktop Adapter).
[[    6.637358] [0;1;31mFAILED[0mcloud-init] [522]: Failed to start Initial cloud-init job (pre-networking).Traceback (most recent call last):

[    6.660711] cloud-init[522]:   File "/usr/bin/cloud-init", line 9, in <module>
[    6.660867] cloud-init[522]:     load_entry_point('cloud-init==19.4', 'console_scripts', 'cloud-init')()
See 'systemctl status cloud-init-local.service' for details.
[    6.661420] cloud-init[522]:   File "/usr/lib/python3/dist-packages/pkg_resources/__init__.py", line 542, in load_entry_point
[    6.664511] cloud-init[522]:     return get_distribution(dist).load_entry_point(group, name)
[    6.676759] cloud-init[522]:   File "/usr/lib/python3/dist-packages/pkg_resources/__init__.py", line 2569, in load_entry_point
[[0;32m  OK  [0m] Reached target Network (Pre).
[    6.731165] cloud-init[522]:     return ep.load()
[    6.733635] cloud-init[522]:   File "/usr/lib/python3/dist-packages/pkg_resources/__init__.py", line 2229, in load
[    6.766817] cloud-init[522]:     return self.resolve()
         [    6.773219] Starting Raise network interfaces...cloud-init
[522]:   File "/usr/lib/python3/dist-packages/pkg_resources/__init__.py", line 2235, in resolve
[    6.833757] cloud-init[522]:     module = __import__(self.module_name, fromlist=['__name__'], level=0)
[    6.835697] cloud-init[522]:   File "/usr/lib/python3/dist-packages/cloudinit/cmd/main.py", line 29, in <module>
[    6.836999] cloud-init[522]:     from cloudinit import stages
[    6.853800] cloud-init[522]:   File "/usr/lib/python3/dist-packages/cloudinit/stages.py", line 21, in <module>
[[0;32m  OK  [0m] Started ifup for enp0s3.
[    6.914317] cloud-init[522]:     from cloudinit.handlers.cloud_config import CloudConfigPartHandler
[    6.916795] cloud-init[522]:   File "/usr/lib/python3/dist-packages/cloudinit/handlers/cloud_config.py", line 11, in <module>
[    6.919136] cloud-init[522]:     import jsonpatch
[    6.920367] cloud-init[522]:   File "/usr/lib/python3/dist-packages/jsonpatch.py", line 114, in <module>
[[0;32m  OK  [0m] Started Set console font and keymap.
[[    6.928210] cloud-init[522]:     json.load = get_loadjson()
[    6.961060] cloud-init[522]:   File "/usr/lib/python3/dist-packages/jsonpatch.py", line 108, in get_loadjson
[    6.961845] cloud-init[522]:     argspec = inspect.getargspec(json.load)
[0;32m  OK  [0m] Created slice system-getty.slice.
[    6.962478] cloud-init[522]:   File "/usr/lib/python3.6/inspect.py", line 1082, in getargspec
[    6.972403] cloud-init[522]:     raise ValueError("Function has keyword-only parameters or annotations"
[    6.973665] cloud-init[522]: ValueError: Function has keyword-only parameters or annotations, use getfullargspec() API which can support them
[[0;32m  OK  [0m] Started Raise network interfaces.
[[0;32m  OK  [0m] Reached target Network.
         Starting Initial cloud-init job (metadata service crawler)...
[    7.234780] cloud-init[950]: Traceback (most recent call last):
[    7.235882] cloud-init[950]:   File "/usr/bin/cloud-init", line 9, in <module>
[    7.244654] cloud-init[950]:     load_entry_point('cloud-init==19.4', 'console_scripts', 'cloud-init')()
[    7.245862] cloud-init[950]:   File "/usr/lib/python3/dist-packages/pkg_resources/__init__.py", line 542, in load_entry_point
[    7.247597] cloud-init[950]:     return get_distribution(dist).load_entry_point(group, name)
[    7.249000] cloud-init[950]:   File "/usr/lib/python3/dist-packages/pkg_resources/__init__.py", line 2569, in load_entry_point
[    7.250898] cloud-init[950]:     return ep.load()
[    7.251877] cloud-init[950]:   File "/usr/lib/python3/dist-packages/pkg_resources/__init__.py", line 2229, in load
[    7.253479] cloud-init[950]:     return self.resolve()
[    7.254498] cloud-init[950]:   File "/usr/lib/python3/dist-packages/pkg_resources/__init__.py", line 2235, in resolve[[0;1;31mFAILED[0m] Failed to start Initial cloud-init job (metadata service crawler).
See 'systemctl status cloud-init.service' for details.
[[0;32m  OK  [0m] Reached target Network is Online.

[    7.258221] cloud-init[950]:     module = __import__(self.module_name, fromlist=['__name__'], level=0)
[    7.259542] cloud-init[950]:   File "/usr/lib/python3/dist-packages/cloudinit/cmd/main.py", line 29, in <module>
[    7.260719] cloud-init[950]:     from cloudinit import stages
[    7.261506] cloud-init[950]:   File "/usr/lib/python3/dist-packages/cloudinit/stages.py", line 21, in <module>
[    7.269013]          Starting iSCSI initiator daemon (iscsid)...
[[0;32m  OK  [0m] Reached target Cloud-config availability.
[[0;32m  OK  [0m] Reached target System Initialization.
cloud-init[950]:     from cloudinit.handlers.cloud_config import CloudConfigPartHandler
[    7.272251] cloud-init[950]:          Starting LXD - unix socket.
[[0;32m  OK  [0m] Started Message of the Day.
[[0;32m  OK  [0m] Started Daily apt download activities.
[[0;32m  OK  [0m] Started Daily Cleanup of Temporary Directories.
[[0;32m  OK  [0m] Listening on UUID daemon activation socket.
[[0;32m  OK  [0m] Listening on ACPID Listen Socket.
         Starting Socket activation for snappy daemon.
[[0;32m  OK  [0m] Listening on D-Bus System Message Bus Socket.
  File "/usr/lib/python3/dist-packages/cloudinit/handlers/cloud_config.py", line 11, in <module>
[    7.279071] [[0;32m  OK  [0m] Started ACPI Events Check.
[[0;32m  OK  [0m] Reached target Paths.
[[0;32m  OK  [0m] Started Daily apt upgrade and clean activities.
[[0;32m  OK  [0m] Reached target Timers.
[[0;32m  OK  [0m] Listening on LXD - unix socket.
cloud-init[950]:     import jsonpatch
[    7.283207] [cloud-init[0;32m  OK  [0m[950]: ]   File "/usr/lib/python3/dist-packages/jsonpatch.py", line 114, in <module>Listening on Socket activation for snappy daemon.

[    7.285421] cloud-init[950]:     json.load = get_loadjson()
[[0;32m  OK  [0m] Reached target Sockets.
[[0;32m  OK  [0m] Reached target Basic System.
[    7.286975] cloud-init[[0;32m  OK  [0m] Started Deferred execution scheduler.
         Starting System Logging Service...
         Starting LSB: MD monitoring daemon...
         Starting Accounts Service...
[950]:   File "/usr/lib/python3/dist-packages/jsonpatch.py", line 108, in get_loadjson
[    7.293954] cloud-init[950]:     argspec = inspect.getargspec(json.load)
[    7.295189] cloud-init[950]:   File "/usr/lib/python3.6/inspect.py", line 1082, in getargspec
[[0;32m  OK  [0m] Started Regular background program processing daemon.
[    7.297617] cloud-init[950]:     raise ValueError("Function has keyword-only parameters or annotations"
         Starting Virtualbox guest utils...
[[0;32m  OK  [0m] Started ACPI event daemon.
         Starting OpenBSD Secure Shell server...
         Starting LSB: Record successful boot for GRUB...
         Starting LXD - container startup/shutdown...
[    7.310722] cloud-init[950]: ValueError: Function has keyword-only parameters or annotations, use getfullargspec() API which can support them
         Starting Login Service...
[[0;32m  OK  [0m] Started D-Bus System Message Bus.
[[0;32m  OK  [0m] Started FUSE filesystem for LXC.
         Starting Snappy daemon...
         Starting Message of the Day...
         Starting /etc/rc.local Compatibility...
[[0;32m  OK  [0m] Started System Logging Service.
[[0;32m  OK  [0m] Started iSCSI initiator daemon (iscsid).
[[0;32m  OK  [0m] Started /etc/rc.local Compatibility.
[[0;32m  OK  [0m] Started OpenBSD Secure Shell server.
[[0;32m  OK  [0m] Started Login Service.
[[0;32m  OK  [0m] Started Unattended Upgrades Shutdown.
         Starting Authenticate and Authorize Users to Run Privileged Tasks...
         Starting Login to default iSCSI targets...
[[0;32m  OK  [0m] Started LSB: MD monitoring daemon.
[[0;32m  OK  [0m] Started LSB: Record successful boot for GRUB.
[[0;32m  OK  [0m] Started Login to default iSCSI targets.
[[0;32m  OK  [0m] Reached target Remote File Systems (Pre).
[[0;32m  OK  [0m] Reached target Remote File Systems.
         Starting LSB: daemon to balance interrupts for SMP systems...
         Starting Permit User Sessions...
         Starting LSB: Set the CPU Frequency Scaling governor to "ondemand"...
         Starting LSB: automatic crash report generation...
[[0;32m  OK  [0m] Started LXD - container startup/shutdown.
[[0;32m  OK  [0m] Started Permit User Sessions.
[[0;32m  OK  [0m] Started Authenticate and Authorize Users to Run Privileged Tasks.
[[0;32m  OK  [0m] Started Accounts Service.
         Starting Hold until boot process finishes up...
         Starting Terminate Plymouth Boot Screen...
[[0;32m  OK  [0m] Started Hold until boot process finishes up.
[[0;32m  OK  [0m] Started Serial Getty on ttyS0.
[[0;32m  OK  [0m] Started Getty on tty1.
[[0;32m  OK  [0m] Reached target Login Prompts.
         Starting Set console scheme...
[[0;32m  OK  [0m] Started Virtualbox guest utils.
[[0;32m  OK  [0m] Started LSB: daemon to balance interrupts for SMP systems.
[[0;32m  OK  [0m] Started LSB: Set the CPU Frequency Scaling governor to "ondemand".
[[0;32m  OK  [0m] Started Terminate Plymouth Boot Screen.
[[0;32m  OK  [0m] Started Set console scheme.
[[0;32m  OK  [0m] Started LSB: automatic crash report generation.
[[0;32m  OK  [0m] Started Snappy daemon.
         Starting Wait until snapd is fully seeded...
[[0;32m  OK  [0m] Started Wait until snapd is fully seeded.
         Starting Apply the settings specified in cloud-config...
[[0;32m  OK  [0m] Reached target Multi-User System.
[[0;32m  OK  [0m] Reached target Graphical Interface.
         Starting Update UTMP about System Runlevel Changes...
[[0;32m  OK  [0m] Started Update UTMP about System Runlevel Changes.
[    8.043531] cloud-init[1190]: Traceback (most recent call last):
[    8.044749] cloud-init[1190]:   File "/usr/bin/cloud-init", line 9, in <module>
[    8.045816] cloud-init[1190]:     load_entry_point('cloud-init==19.4', 'console_scripts', 'cloud-init')()
[    8.047228] cloud-init[1190]:   File "/usr/lib/python3/dist-packages/pkg_resources/__init__.py", line 542, in load_entry_point
[    8.049194] cloud-init[1190]:     return get_distribution(dist).load_entry_point(group, name)
[    8.050731] cloud-init[1190]:   File "/usr/lib/python3/dist-packages/pkg_resources/__init__.py", line 2569, in load_entry_point
[    8.052290] cloud-init[1190]:     return ep.load()
[    8.053149] cloud-init[1190]:   File "/usr/lib/python3/dist-packages/pkg_resources/__init__.py", line 2229, in load
[    8.054587] cloud-init[1190]:     return self.resolve()
[    8.055502] cloud-init[1190]:   File "/usr/lib/python3/dist-packages/pkg_resources/__init__.py", line 2235, in resolve
[    8.057356] cloud-init[1190]:     module = __import__(self.module_name, fromlist=['__name__'], level=0)
[    8.058987] cloud-init[1190]:   File "/usr/lib/python3/dist-packages/cloudinit/cmd/main.py", line 29, in <module>
[    8.060686] cloud-init[1190]:     from cloudinit import stages
[    8.072990] cloud-init[1190]:   File "/usr/lib/python3/dist-packages/cloudinit/stages.py", line 21, in <module>
[    8.074479] cloud-init[1190]:     from cloudinit.handlers.cloud_config import CloudConfigPartHandler
[    8.080853] cloud-init[1190]:   File "/usr/lib/python3/dist-packages/cloudinit/handlers/cloud_config.py", line 11, in <module>
[    8.082239] cloud-init[1190]:     import jsonpatch
[    8.083218] cloud-init[1190]:   File "/usr/lib/python3/dist-packages/jsonpatch.py", line 114, in <module>
[    8.083507] cloud-init[1190]:     json.load = get_loadjson()
[    8.083974] cloud-init[1190]:   File "/usr/lib/python3/dist-packages/jsonpatch.py", line 108, in get_loadjson
[    8.084190] cloud-init[1190]:     argspec = inspect.getargspec(json.load)
[    8.084546] cloud-init[1190]:   File "/usr/lib/python3.6/inspect.py", line 1082, in getargspec
[    8.084738] cloud-init[1190]:     raise ValueError("Function has keyword-only parameters or annotations"
[    8.085328] cloud-init[1190]: ValueError: Function has keyword-only parameters or annotations, use getfullargspec() API which can support them
[[0;1;31mFAILED[0m] Failed to start Apply the settings specified in cloud-config.
See 'systemctl status cloud-config.service' for details.
         Starting Execute cloud user/final scripts...
[    8.350056] cloud-init[1200]: Traceback (most recent call last):
[    8.351253] cloud-init[1200]:   File "/usr/bin/cloud-init", line 9, in <module>
[    8.352701] cloud-init[1200]:     load_entry_point('cloud-init==19.4', 'console_scripts', 'cloud-init')()
[    8.364841] cloud-init[1200]:   File "/usr/lib/python3/dist-packages/pkg_resources/__init__.py", line 542, in load_entry_point
[    8.366418] cloud-init[1200]:     return get_distribution(dist).load_entry_point(group, name)
[    8.374618] cloud-init[1200]:   File "/usr/lib/python3/dist-packages/pkg_resources/__init__.py", line 2569, in load_entry_point
[    8.376494] cloud-init[1200]:     return ep.load()
[    8.389128] cloud-init[1200]:   File "/usr/lib/python3/dist-packages/pkg_resources/__init__.py", line 2229, in load
[[0;1;31mFAILED[0m] Failed to start Execute cloud user/final scripts.
See 'systemctl status cloud-final.service' for details.[    8.389426] cloud-init[1200]:     return self.resolve()
[    8.392623] cloud-init[1200]:   File "/usr/lib/python3/dist-packages/pkg_resources/__init__.py", line 2235, in resolve
[    8.392924] cloud-init[1200]:     module = __import__(self.module_name, fromlist=['__name__'], level=0)
[    8.393048] cloud-init[1200]:   File "/usr/lib/python3/dist-packages/cloudinit/cmd/main.py", line 29, in <module>
[    8.394203] cloud-init[1200]:     from cloudinit import stages
[    8.394464] cloud-init[1200]:   File "/usr/lib/python3/dist-packages/cloudinit/stages.py", line 21, in <module>
[    8.396249] cloud-init[1200]:     from cloudinit.handlers.cloud_config import CloudConfigPartHandler
[    8.397394] cloud-init[1200]:   File "/usr/lib/python3/dist-packages/cloudinit/handlers/cloud_config.py", line 11, in <module>
[    8.398445] cloud-init[1200]:     import jsonpatch
[    8.400489] cloud-init[1200]:   File "/usr/lib/python3/dist-packages/jsonpatch.py", line 114, in <module>
[    8.401040] cloud-init[1200]:     json.load = get_loadjson()
[    8.401518] cloud-init[1200]:   File "/usr/lib/python3/dist-packages/jsonpatch.py", line 108, in get_loadjson
[    8.402626] cloud-init[1200]:     argspec = inspect.getargspec(json.load)
[    8.403488] cloud-init[1200]:   File "/usr/lib/python3.6/inspect.py", line 1082, in getargspec
[    8.404101] cloud-init[1200]:     raise ValueError("Function has keyword-only parameters or annotations"
[    8.404820] cloud-init[1200]: ValueError: Function has keyword-only parameters or annotations, use getfullargspec() API which can support them

[[0;32m  OK  [0m] Reached target Cloud-init target.
         Starting Daily apt download activities...
[[0;32m  OK  [0m] Started Message of the Day.
[[0;32m  OK  [0m] Created slice User Slice of vagrant.
         Starting User Manager for UID 1000...
[[0;32m  OK  [0m] Started Session 1 of user vagrant.
[[0;32m  OK  [0m] Started User Manager for UID 1000.

Ubuntu 16.04.6 LTS ubuntu-xenial ttyS0

ubuntu-xenial login: 